app/build/intermediates/manifest_merge_blame_file/debug/manifest-merger-blame-debug-report.txt
1<?xml version="1.0" encoding="utf-8"?>
2<manifest xmlns:android="http://schemas.android.com/apk/res/android"
3    package="com.example.cashluckpatrol"
4    android:versionCode="1"
5    android:versionName="1.0" >
6
7    <uses-sdk
8        android:minSdkVersion="26"
8-->src/main/AndroidManifest.xml
9        android:targetSdkVersion="33" />
9-->src/main/AndroidManifest.xml
10
11    <uses-permission android:name="android.permission.VIBRATE" />
11-->src/main/AndroidManifest.xml:5:5-66
11-->src/main/AndroidManifest.xml:5:22-63
12    <uses-permission android:name="android.permission.MODIFY_AUDIO_SETTINGS" />
12-->src/main/AndroidManifest.xml:6:5-80
12-->src/main/AndroidManifest.xml:6:22-77
13    <uses-permission android:name="android.permission.WAKE_LOCK" />
13-->src/main/AndroidManifest.xml:7:5-68
13-->src/main/AndroidManifest.xml:7:22-65
14    <uses-permission android:name="android.permission.INTERNET" />
14-->src/main/AndroidManifest.xml:8:5-67
14-->src/main/AndroidManifest.xml:8:22-64
15
16    <permission
16-->[androidx.core:core:1.9.0] AndroidManifest.xml:22:5-24:47
17        android:name="com.example.cashluckpatrol.DYNAMIC_RECEIVER_NOT_EXPORTED_PERMISSION"
17-->[androidx.core:core:1.9.0] AndroidManifest.xml:23:9-81
18        android:protectionLevel="signature" />
18-->[androidx.core:core:1.9.0] AndroidManifest.xml:24:9-44
19
20    <uses-permission android:name="com.example.cashluckpatrol.DYNAMIC_RECEIVER_NOT_EXPORTED_PERMISSION" />
20-->[androidx.core:core:1.9.0] AndroidManifest.xml:26:5-97
20-->[androidx.core:core:1.9.0] AndroidManifest.xml:26:22-94
21
22    <application
22-->src/main/AndroidManifest.xml:13:5-84:19
23        android:name="com.example.cashluckpatrol.MyApplication"
23-->src/main/AndroidManifest.xml:14:9-38
24        android:allowBackup="true"
24-->src/main/AndroidManifest.xml:15:9-35
25        android:appComponentFactory="androidx.core.app.CoreComponentFactory"
25-->[androidx.core:core:1.9.0] AndroidManifest.xml:28:18-86
26        android:dataExtractionRules="@xml/data_extraction_rules"
26-->src/main/AndroidManifest.xml:16:9-65
27        android:debuggable="true"
28        android:extractNativeLibs="false"
29        android:fullBackupContent="@xml/backup_rules"
29-->src/main/AndroidManifest.xml:17:9-54
30        android:icon="@mipmap/ic_launcher"
30-->src/main/AndroidManifest.xml:18:9-43
31        android:label="@string/app_name"
31-->src/main/AndroidManifest.xml:19:9-41
32        android:roundIcon="@mipmap/ic_launcher_round"
32-->src/main/AndroidManifest.xml:20:9-54
33        android:supportsRtl="true"
33-->src/main/AndroidManifest.xml:21:9-35
34        android:testOnly="true"
35        android:theme="@style/Theme.CashLuckPatrol" >
35-->src/main/AndroidManifest.xml:22:9-52
36        <service
36-->src/main/AndroidManifest.xml:25:9-28:39
37            android:name="com.example.cashluckpatrol.SoundService"
37-->src/main/AndroidManifest.xml:26:13-41
38            android:enabled="true"
38-->src/main/AndroidManifest.xml:27:13-35
39            android:exported="false" />
39-->src/main/AndroidManifest.xml:28:13-37
40
41        <activity
41-->src/main/AndroidManifest.xml:30:9-33:51
42            android:name="com.example.cashluckpatrol.SlotGame2Activity"
42-->src/main/AndroidManifest.xml:31:13-46
43            android:exported="false"
43-->src/main/AndroidManifest.xml:32:13-37
44            android:screenOrientation="portrait" />
44-->src/main/AndroidManifest.xml:33:13-49
45        <activity
45-->src/main/AndroidManifest.xml:34:9-36:40
46            android:name="com.example.cashluckpatrol.SlotGame1Activity"
46-->src/main/AndroidManifest.xml:35:13-46
47            android:exported="false" />
47-->src/main/AndroidManifest.xml:36:13-37
48        <activity
48-->src/main/AndroidManifest.xml:37:9-46:20
49            android:name="com.example.cashluckpatrol.SplashScreen"
49-->src/main/AndroidManifest.xml:38:13-41
50            android:exported="true"
50-->src/main/AndroidManifest.xml:39:13-36
51            android:screenOrientation="portrait" >
51-->src/main/AndroidManifest.xml:40:13-49
52            <intent-filter>
52-->src/main/AndroidManifest.xml:41:13-45:29
53                <action android:name="android.intent.action.MAIN" />
53-->src/main/AndroidManifest.xml:42:17-69
53-->src/main/AndroidManifest.xml:42:25-66
54
55                <category android:name="android.intent.category.LAUNCHER" />
55-->src/main/AndroidManifest.xml:44:17-77
55-->src/main/AndroidManifest.xml:44:27-74
56            </intent-filter>
57        </activity>
58        <activity
58-->src/main/AndroidManifest.xml:47:9-49:40
59            android:name="com.example.cashluckpatrol.FlashGame2Activity"
59-->src/main/AndroidManifest.xml:48:13-47
60            android:exported="false" />
60-->src/main/AndroidManifest.xml:49:13-37
61        <activity
61-->src/main/AndroidManifest.xml:50:9-52:40
62            android:name="com.example.cashluckpatrol.FlashGame1Activity"
62-->src/main/AndroidManifest.xml:51:13-47
63            android:exported="false" />
63-->src/main/AndroidManifest.xml:52:13-37
64        <activity
64-->src/main/AndroidManifest.xml:53:9-56:40
65            android:name="com.example.cashluckpatrol.ComingSoonActivity"
65-->src/main/AndroidManifest.xml:54:13-47
66            android:exported="false"
66-->src/main/AndroidManifest.xml:56:13-37
67            android:screenOrientation="portrait" />
67-->src/main/AndroidManifest.xml:55:13-49
68        <activity
68-->src/main/AndroidManifest.xml:57:9-59:40
69            android:name="com.example.cashluckpatrol.HotGameActivity"
69-->src/main/AndroidManifest.xml:58:13-44
70            android:exported="false" />
70-->src/main/AndroidManifest.xml:59:13-37
71        <activity
71-->src/main/AndroidManifest.xml:60:9-63:51
72            android:name="com.example.cashluckpatrol.GamesMenuActivity"
72-->src/main/AndroidManifest.xml:61:13-46
73            android:exported="false"
73-->src/main/AndroidManifest.xml:62:13-37
74            android:screenOrientation="portrait" />
74-->src/main/AndroidManifest.xml:63:13-49
75        <activity
75-->src/main/AndroidManifest.xml:64:9-67:51
76            android:name="com.example.cashluckpatrol.GamesMenuAnonActivity"
76-->src/main/AndroidManifest.xml:65:13-50
77            android:exported="false"
77-->src/main/AndroidManifest.xml:66:13-37
78            android:screenOrientation="portrait" />
78-->src/main/AndroidManifest.xml:67:13-49
79        <activity
79-->src/main/AndroidManifest.xml:68:9-70:40
80            android:name="com.example.cashluckpatrol.SettingsActivity"
80-->src/main/AndroidManifest.xml:69:13-45
81            android:exported="false" />
81-->src/main/AndroidManifest.xml:70:13-37
82        <activity
82-->src/main/AndroidManifest.xml:71:9-74:51
83            android:name="com.example.cashluckpatrol.AgreementActivity"
83-->src/main/AndroidManifest.xml:72:13-46
84            android:exported="false"
84-->src/main/AndroidManifest.xml:73:13-37
85            android:screenOrientation="portrait" />
85-->src/main/AndroidManifest.xml:74:13-49
86        <activity
86-->src/main/AndroidManifest.xml:75:9-79:71
87            android:name="com.example.cashluckpatrol.PrivacyPolicy"
87-->src/main/AndroidManifest.xml:76:13-42
88            android:exported="false"
88-->src/main/AndroidManifest.xml:77:13-37
89            android:label="@string/title_activity_privacy_policy"
89-->src/main/AndroidManifest.xml:78:13-66
90            android:theme="@style/Theme.CashLuckPatrol.NoActionBar" />
90-->src/main/AndroidManifest.xml:79:13-68
91        <activity
91-->src/main/AndroidManifest.xml:80:9-83:40
92            android:name="com.example.cashluckpatrol.PlayActivity"
92-->src/main/AndroidManifest.xml:81:13-41
93            android:exported="false"
93-->src/main/AndroidManifest.xml:83:13-37
94            android:screenOrientation="portrait" />
94-->src/main/AndroidManifest.xml:82:13-49
95
96        <provider
96-->[androidx.emoji2:emoji2:1.2.0] AndroidManifest.xml:24:9-32:20
97            android:name="androidx.startup.InitializationProvider"
97-->[androidx.emoji2:emoji2:1.2.0] AndroidManifest.xml:25:13-67
98            android:authorities="com.example.cashluckpatrol.androidx-startup"
98-->[androidx.emoji2:emoji2:1.2.0] AndroidManifest.xml:26:13-68
99            android:exported="false" >
99-->[androidx.emoji2:emoji2:1.2.0] AndroidManifest.xml:27:13-37
100            <meta-data
100-->[androidx.emoji2:emoji2:1.2.0] AndroidManifest.xml:29:13-31:52
101                android:name="androidx.emoji2.text.EmojiCompatInitializer"
101-->[androidx.emoji2:emoji2:1.2.0] AndroidManifest.xml:30:17-75
102                android:value="androidx.startup" />
102-->[androidx.emoji2:emoji2:1.2.0] AndroidManifest.xml:31:17-49
103            <meta-data
103-->[androidx.lifecycle:lifecycle-process:2.4.1] AndroidManifest.xml:31:13-33:52
104                android:name="androidx.lifecycle.ProcessLifecycleInitializer"
104-->[androidx.lifecycle:lifecycle-process:2.4.1] AndroidManifest.xml:32:17-78
105                android:value="androidx.startup" />
105-->[androidx.lifecycle:lifecycle-process:2.4.1] AndroidManifest.xml:33:17-49
106        </provider>
107    </application>
108
109</manifest>